Start testing: Sep 23 12:24 PDT
----------------------------------------------------------
2/2 Testing: test_utils.exe
2/2 Test: test_utils.exe
Command: "/Users/full-hat/Documents/MyProjects/FHCrypto/build/test_utils"
Directory: /Users/full-hat/Documents/MyProjects/FHCrypto/build
"test_utils.exe" start time: Sep 23 12:24 PDT
Output:
----------------------------------------------------------
[==========] Running 2 tests from 1 test suite.
[----------] Global test environment set-up.
[----------] 2 tests from FileReaderTest
[ RUN      ] FileReaderTest.ReadBlock8Test
[       OK ] FileReaderTest.ReadBlock8Test (27 ms)
[ RUN      ] FileReaderTest.ReadBlock64Test
[       OK ] FileReaderTest.ReadBlock64Test (12 ms)
[----------] 2 tests from FileReaderTest (39 ms total)

[----------] Global test environment tear-down
[==========] 2 tests from 1 test suite ran. (39 ms total)
[  PASSED  ] 2 tests.
<end of output>
Test time =   0.04 sec
----------------------------------------------------------
Test Passed.
"test_utils.exe" end time: Sep 23 12:24 PDT
"test_utils.exe" time elapsed: 00:00:00
----------------------------------------------------------

End testing: Sep 23 12:24 PDT
