Start testing: Sep 27 17:03 PDT
----------------------------------------------------------
3/3 Testing: test_STB.exe
3/3 Test: test_STB.exe
Command: "/Users/full-hat/Documents/MyProjects/FHCrypto/build/test_STB"
Directory: /Users/full-hat/Documents/MyProjects/FHCrypto/build
"test_STB.exe" start time: Sep 27 17:03 PDT
Output:
----------------------------------------------------------
[==========] Running 2 tests from 1 test suite.
[----------] Global test environment set-up.
[----------] 2 tests from STB_Test
[ RUN      ] STB_Test.CFB
[       OK ] STB_Test.CFB (0 ms)
[ RUN      ] STB_Test.CTR
[       OK ] STB_Test.CTR (0 ms)
[----------] 2 tests from STB_Test (0 ms total)

[----------] Global test environment tear-down
[==========] 2 tests from 1 test suite ran. (0 ms total)
[  PASSED  ] 2 tests.
<end of output>
Test time =   0.07 sec
----------------------------------------------------------
Test Passed.
"test_STB.exe" end time: Sep 27 17:03 PDT
"test_STB.exe" time elapsed: 00:00:00
----------------------------------------------------------

End testing: Sep 27 17:03 PDT
