Start testing: Sep 27 16:30 PDT
----------------------------------------------------------
3/3 Testing: test_STB.exe
3/3 Test: test_STB.exe
Command: "/Users/full-hat/Documents/MyProjects/FHCrypto/build/test_STB"
Directory: /Users/full-hat/Documents/MyProjects/FHCrypto/build
"test_STB.exe" start time: Sep 27 16:30 PDT
Output:
----------------------------------------------------------
Running main() from /Users/full-hat/Documents/MyProjects/FHCrypto/vcpkg/buildtrees/gtest/src/v1.14.0-bcf93537a8.clean/googletest/src/gtest_main.cc
[==========] Running 0 tests from 0 test suites.
[==========] 0 tests from 0 test suites ran. (0 ms total)
[  PASSED  ] 0 tests.
<end of output>
Test time =   0.01 sec
----------------------------------------------------------
Test Passed.
"test_STB.exe" end time: Sep 27 16:30 PDT
"test_STB.exe" time elapsed: 00:00:00
----------------------------------------------------------

End testing: Sep 27 16:30 PDT
