<?xml version="1.0" encoding="UTF-8"?>
<Site BuildName="Darwin-clang++"
	BuildStamp="20230923-1742-Experimental"
	Name="Full-Hats-MacBook-Pro.local"
	Generator="ctest-3.27.4"
	CompilerName="/usr/bin/clang++"
	CompilerVersion="14.0.3.14030022"
	OSName="macOS"
	Hostname="Full-Hats-MacBook-Pro.local"
	OSRelease="13.5"
	OSVersion="22G74"
	OSPlatform="arm64"
	Is64Bits="1"
	VendorString="IBM"
	VendorID="IBM"
	FamilyID="16777228"
	ModelID="2"
	ProcessorCacheSize="131072"
	NumberOfLogicalCPU="10"
	NumberOfPhysicalCPU="10"
	TotalVirtualMemory="2048"
	TotalPhysicalMemory="16384"
	LogicalProcessorsPerPhysical="10"
	ProcessorClockFrequency="0"
	>
	<Testing>
		<StartDateTime>Sep 23 12:24 PDT</StartDateTime>
		<StartTestTime>1695497074</StartTestTime>
		<TestList>
			<Test>./test_utils.exe</Test>
		</TestList>
		<Test Status="passed">
			<Name>test_utils.exe</Name>
			<Path>.</Path>
			<FullName>./test_utils.exe</FullName>
			<FullCommandLine>/Users/full-hat/Documents/MyProjects/FHCrypto/build/test_utils</FullCommandLine>
			<Results>
				<NamedMeasurement type="numeric/double" name="Execution Time">
					<Value>0.0426463</Value>
				</NamedMeasurement>
				<NamedMeasurement type="numeric/double" name="Processors">
					<Value>1</Value>
				</NamedMeasurement>
				<NamedMeasurement type="text/string" name="Completion Status">
					<Value>Completed</Value>
				</NamedMeasurement>
				<NamedMeasurement type="text/string" name="Command Line">
					<Value>/Users/full-hat/Documents/MyProjects/FHCrypto/build/test_utils</Value>
				</NamedMeasurement>
				<NamedMeasurement type="text/string" name="Environment">
					<Value>#CTEST_RESOURCE_GROUP_COUNT=</Value>
				</NamedMeasurement>
				<Measurement>
					<Value encoding="base64" compression="gzip">eJyNkbsOwjAMRfd8hcd2aKQWxGNgAPEYkAC1MFUdAjUoIk1QmsLv05cqqITInez4+Ea241mnBMJCSi5vEIDB3ORw1SoDv04gL7hBSmKvUwIboc5MNHWUT66VzFCWLBqvePTgL9M1FxgiS1Efy0cSQ3jaQa2kV6NVuBDqcp+0aKP99h8KTjCGLHft3EdDe/uGBccPGn/LMcEZTMsGMMow4RK7XRpk2kvVS5L481Q/TwSaSdr7qRzqMI+i1bJaQNtJyRtas5vZ====</Value>
				</Measurement>
			</Results>
		</Test>
		<EndDateTime>Sep 23 12:24 PDT</EndDateTime>
		<EndTestTime>1695497074</EndTestTime>
		<ElapsedMinutes>0</ElapsedMinutes>
	</Testing>
</Site>
