<?xml version="1.0" encoding="UTF-8"?>
<Site BuildName="(empty)"
	BuildStamp="20231009-0618-Experimental"
	Name="(empty)"
	Generator="ctest-3.27.4"
	CompilerName=""
	CompilerVersion=""
	OSName="macOS"
	Hostname="Full-Hats-MacBook-Pro.local"
	OSRelease="13.5"
	OSVersion="22G74"
	OSPlatform="arm64"
	Is64Bits="1"
	VendorString="IBM"
	VendorID="IBM"
	FamilyID="16777228"
	ModelID="2"
	ProcessorCacheSize="131072"
	NumberOfLogicalCPU="10"
	NumberOfPhysicalCPU="10"
	TotalVirtualMemory="3072"
	TotalPhysicalMemory="16384"
	LogicalProcessorsPerPhysical="10"
	ProcessorClockFrequency="0"
	>
	<Testing>
		<StartDateTime>Oct 09 16:50 PDT</StartDateTime>
		<StartTestTime>1696895455</StartTestTime>
		<TestList>
			<Test>./Test15.exe</Test>
		</TestList>
		<Test Status="passed">
			<Name>Test15.exe</Name>
			<Path>.</Path>
			<FullName>./Test15.exe</FullName>
			<FullCommandLine>/Users/full-hat/Documents/MyProjects/FHCrypto/build/Test15_test</FullCommandLine>
			<Results>
				<NamedMeasurement type="numeric/double" name="Execution Time">
					<Value>3.073</Value>
				</NamedMeasurement>
				<NamedMeasurement type="numeric/double" name="Processors">
					<Value>1</Value>
				</NamedMeasurement>
				<NamedMeasurement type="text/string" name="Completion Status">
					<Value>Completed</Value>
				</NamedMeasurement>
				<NamedMeasurement type="text/string" name="Command Line">
					<Value>/Users/full-hat/Documents/MyProjects/FHCrypto/build/Test15_test</Value>
				</NamedMeasurement>
				<NamedMeasurement type="text/string" name="Environment">
					<Value>#CTEST_RESOURCE_GROUP_COUNT=</Value>
				</NamedMeasurement>
				<Measurement>
					<Value encoding="base64" compression="gzip">eJyLtoWDWIWg0ry8zLx0BQOFktTikmKFtKL8XChHobg0E0jrcUUja8CtUKEoMU9PQcNAIbdYoSS/JDFHkytaQSHAMTjY1UVBAa5TjwsANFEnhw==</Value>
				</Measurement>
			</Results>
		</Test>
		<EndDateTime>Oct 09 16:50 PDT</EndDateTime>
		<EndTestTime>1696895458</EndTestTime>
		<ElapsedMinutes>0</ElapsedMinutes>
	</Testing>
</Site>
